<?xml version="1.0" encoding="UTF-8"?>
<testng-results ignored="0" total="1" passed="1" failed="0" skipped="0">
  <reporter-output>
  </reporter-output>
  <suite started-at="2022-02-28T19:42:01 IST" name="Suite" finished-at="2022-02-28T19:42:04 IST" duration-ms="2945">
    <groups>
    </groups>
    <test started-at="2022-02-28T19:42:01 IST" name="Test" finished-at="2022-02-28T19:42:04 IST" duration-ms="2945">
      <class name="firstSample.BrwoserLaunch">
        <test-method signature="launchBroswer()[pri:0, instance:firstSample.BrwoserLaunch@29e495ff]" started-at="2022-02-28T19:42:01 IST" name="launchBroswer" finished-at="2022-02-28T19:42:04 IST" duration-ms="2918" status="PASS">
          <reporter-output>
          </reporter-output>
        </test-method> <!-- launchBroswer -->
      </class> <!-- firstSample.BrwoserLaunch -->
    </test> <!-- Test -->
  </suite> <!-- Suite -->
</testng-results>
